_XSERVTransmkdir: Owner of /tmp/.X11-unix should be set to root

Xvnc TigerVNC 1.13.1 - built May  1 2024 19:13:59
Copyright (C) 1999-2022 TigerVNC Team and many others (see README.rst)
See https://www.tigervnc.org for information on TigerVNC.
Underlying X server release 12101013


Sun Sep 22 14:48:29 2024
 vncext:      VNC extension running!
 vncext:      Listening for VNC connections on all interface(s), port 16001
 vncext:      created VNC server for screen 0
[mi] mieq: warning: overriding existing handler (nil) with 0x55ecfdf6d8d0 for event 2
[mi] mieq: warning: overriding existing handler (nil) with 0x55ecfdf6d8d0 for event 3

ERROR: openbox-xdg-autostart requires PyXDG to be installed

Sun Sep 22 14:48:35 2024
 Connections: accepted: 127.0.0.1::49010
 SConnection: Client needs protocol version 3.7
 SConnection: Client requests security type None(1)
 VNCSConnST:  Server default pixel format depth 24 (32bpp) little-endian rgb888
 VNCSConnST:  Client pixel format depth 24 (32bpp) little-endian bgr888

Sun Sep 22 14:48:36 2024
 ComparingUpdateTracker: 0 pixels in / 0 pixels out
 ComparingUpdateTracker: (1:-nan ratio)

Sun Sep 22 14:48:39 2024
 ComparingUpdateTracker: 1.00869 Mpixels in / 220.7 kpixels out
 ComparingUpdateTracker: (1:4.57041 ratio)

Sun Sep 22 14:49:17 2024
 VNCSConnST:  closing 127.0.0.1::49010: Clean disconnection
 EncodeManager: Framebuffer updates: 1030
 EncodeManager:   Tight:
 EncodeManager:     Solid: 320 rects, 2.13268 Mpixels
 EncodeManager:            5 KiB (1:1666.91 ratio)
 EncodeManager:     Bitmap RLE: 225 rects, 99.138 kpixels
 EncodeManager:                 6.46582 KiB (1:60.3009 ratio)
 EncodeManager:     Indexed RLE: 1.479 krects, 1.67363 Mpixels
 EncodeManager:                  190.57 KiB (1:34.3966 ratio)
 EncodeManager:   Tight (JPEG):
 EncodeManager:     Full Colour: 422 rects, 1.18089 Mpixels
 EncodeManager:                  881.45 KiB (1:5.23888 ratio)
 EncodeManager:   Total: 2.446 krects, 5.08635 Mpixels
 EncodeManager:          1.05809 MiB (1:18.3641 ratio)
 Connections: closed: 127.0.0.1::49010
 ComparingUpdateTracker: 41.8977 Mpixels in / 2.46667 Mpixels out
 ComparingUpdateTracker: (1:16.9855 ratio)

Sun Sep 22 14:50:35 2024
 Connections: accepted: 127.0.0.1::36666
 SConnection: Client needs protocol version 3.7
 SConnection: Client requests security type None(1)
 VNCSConnST:  Server default pixel format depth 24 (32bpp) little-endian rgb888
 VNCSConnST:  Client pixel format depth 24 (32bpp) little-endian bgr888

Sun Sep 22 14:50:56 2024
 VNCSConnST:  closing 127.0.0.1::36666: Clean disconnection
 EncodeManager: Framebuffer updates: 628
 EncodeManager:   Tight:
 EncodeManager:     Solid: 143 rects, 1.07303 Mpixels
 EncodeManager:            2.23438 KiB (1:1876.68 ratio)
 EncodeManager:     Bitmap RLE: 131 rects, 102.502 kpixels
 EncodeManager:                 4.00977 KiB (1:100.239 ratio)
 EncodeManager:     Indexed RLE: 703 rects, 699.726 kpixels
 EncodeManager:                  87.7803 KiB (1:31.2319 ratio)
 EncodeManager:   Tight (JPEG):
 EncodeManager:     Full Colour: 222 rects, 715.07 kpixels
 EncodeManager:                  450.515 KiB (1:6.20589 ratio)
 EncodeManager:   Total: 1.199 krects, 2.59033 Mpixels
 EncodeManager:          544.539 KiB (1:18.6075 ratio)
 Connections: closed: 127.0.0.1::36666
 ComparingUpdateTracker: 18.5046 Mpixels in / 2.02992 Mpixels out
 ComparingUpdateTracker: (1:9.11594 ratio)

Sun Sep 22 14:52:17 2024
 Connections: accepted: 127.0.0.1::53334
 SConnection: Client needs protocol version 3.7
 SConnection: Client requests security type None(1)
 VNCSConnST:  Server default pixel format depth 24 (32bpp) little-endian rgb888
 VNCSConnST:  Client pixel format depth 24 (32bpp) little-endian bgr888

Sun Sep 22 14:55:32 2024
 VNCSConnST:  closing 127.0.0.1::53334: Clean disconnection
 EncodeManager: Framebuffer updates: 2155
 EncodeManager:   Tight:
 EncodeManager:     Solid: 324 rects, 1.03303 Mpixels
 EncodeManager:            5.0625 KiB (1:797.838 ratio)
 EncodeManager:     Bitmap RLE: 182 rects, 124.96 kpixels
 EncodeManager:                 5.71094 KiB (1:85.8454 ratio)
 EncodeManager:     Indexed RLE: 2.386 krects, 1.88845 Mpixels
 EncodeManager:                  245.567 KiB (1:30.1535 ratio)
 EncodeManager:   Tight (JPEG):
 EncodeManager:     Full Colour: 846 rects, 2.16242 Mpixels
 EncodeManager:                  1.66699 MiB (1:4.95424 ratio)
 EncodeManager:   Total: 3.738 krects, 5.20886 Mpixels
 EncodeManager:          1.91733 MiB (1:10.3858 ratio)
 Connections: closed: 127.0.0.1::53334
 ComparingUpdateTracker: 89.1496 Mpixels in / 3.51281 Mpixels out
 ComparingUpdateTracker: (1:25.3784 ratio)

Sun Sep 22 14:55:49 2024
 Connections: accepted: 127.0.0.1::34032
 SConnection: Client needs protocol version 3.7
 SConnection: Client requests security type None(1)
 VNCSConnST:  Server default pixel format depth 24 (32bpp) little-endian rgb888
 VNCSConnST:  Client pixel format depth 24 (32bpp) little-endian bgr888

Sun Sep 22 15:03:01 2024
 VNCSConnST:  closing 127.0.0.1::34032: Clean disconnection
 EncodeManager: Framebuffer updates: 4696
 EncodeManager:   Tight:
 EncodeManager:     Solid: 1.034 krects, 5.84955 Mpixels
 EncodeManager:            16.1562 KiB (1:1415.05 ratio)
 EncodeManager:     Bitmap RLE: 1.582 krects, 569.01 kpixels
 EncodeManager:                 47.5693 KiB (1:47.1151 ratio)
 EncodeManager:     Indexed RLE: 10.865 krects, 9.09395 Mpixels
 EncodeManager:                  1.71468 MiB (1:20.3041 ratio)
 EncodeManager:   Tight (JPEG):

Sun Sep 22 15:03:02 2024
 EncodeManager:     Full Colour: 1.949 krects, 7.51875 Mpixels
 EncodeManager:                  6.10939 MiB (1:4.69835 ratio)
 EncodeManager:   Total: 15.43 krects, 23.0313 Mpixels
 EncodeManager:          7.8863 MiB (1:11.1629 ratio)
 Connections: closed: 127.0.0.1::34032
 ComparingUpdateTracker: 188.938 Mpixels in / 19.3876 Mpixels out
 ComparingUpdateTracker: (1:9.7453 ratio)

Sun Sep 22 15:03:20 2024
 Connections: accepted: 127.0.0.1::44540
 SConnection: Client needs protocol version 3.7
 SConnection: Client requests security type None(1)
 VNCSConnST:  Server default pixel format depth 24 (32bpp) little-endian rgb888
 VNCSConnST:  Client pixel format depth 24 (32bpp) little-endian bgr888

Sun Sep 22 15:09:07 2024
 ComparingUpdateTracker: 128.986 Mpixels in / 8.50533 Mpixels out
 ComparingUpdateTracker: (1:15.1653 ratio)
 VNCSConnST:  FramebufferUpdateRequest 1420x627 at 0,0 exceeds framebuffer
              1019x607
 VNCSConnST:  FramebufferUpdateRequest 1420x627 at 0,0 exceeds framebuffer
              1019x607
 VNCSConnST:  FramebufferUpdateRequest 1420x627 at 0,0 exceeds framebuffer
              1019x607

Sun Sep 22 15:09:09 2024
 ComparingUpdateTracker: 5.008 kpixels in / 0 pixels out
 ComparingUpdateTracker: (1:inf ratio)

Sun Sep 22 15:36:29 2024
 VNCSConnST:  closing 127.0.0.1::44540: Clean disconnection
 EncodeManager: Framebuffer updates: 16246
 EncodeManager:   Tight:
 EncodeManager:     Solid: 5.337 krects, 13.9229 Mpixels
 EncodeManager:            83.3906 KiB (1:652.935 ratio)
 EncodeManager:     Bitmap RLE: 2.965 krects, 2.00058 Mpixels
 EncodeManager:                 89.5967 KiB (1:87.6094 ratio)
 EncodeManager:     Indexed RLE: 20.649 krects, 16.2788 Mpixels
 EncodeManager:                  2.95218 MiB (1:21.1148 ratio)
 EncodeManager:   Tight (JPEG):
 EncodeManager:     Full Colour: 10.051 krects, 47.1326 Mpixels
 EncodeManager:                  28.8139 MiB (1:6.24392 ratio)
 EncodeManager:   Total: 39.002 krects, 79.3348 Mpixels
 EncodeManager:          31.935 MiB (1:9.49066 ratio)
 Connections: closed: 127.0.0.1::44540
 ComparingUpdateTracker: 508.513 Mpixels in / 61.2823 Mpixels out
 ComparingUpdateTracker: (1:8.29787 ratio)

Sun Sep 22 15:37:52 2024
 Connections: accepted: 127.0.0.1::55582
 SConnection: Client needs protocol version 3.7
 SConnection: Client requests security type None(1)
 VNCSConnST:  Server default pixel format depth 24 (32bpp) little-endian rgb888
 VNCSConnST:  Client pixel format depth 24 (32bpp) little-endian bgr888

Sun Sep 22 15:38:16 2024
 VNCSConnST:  closing 127.0.0.1::55582: Clean disconnection
 EncodeManager: Framebuffer updates: 1015
 EncodeManager:   Tight:
 EncodeManager:     Solid: 312 rects, 1.23346 Mpixels
 EncodeManager:            4.875 KiB (1:989.103 ratio)
 EncodeManager:     Bitmap RLE: 138 rects, 79.61 kpixels
 EncodeManager:                 4.12891 KiB (1:75.7086 ratio)
 EncodeManager:     Indexed RLE: 1.212 krects, 1.05693 Mpixels
 EncodeManager:                  170.801 KiB (1:24.2554 ratio)
 EncodeManager:   Tight (JPEG):
 EncodeManager:     Full Colour: 572 rects, 2.97145 Mpixels
 EncodeManager:                  1.64067 MiB (1:6.91286 ratio)
 EncodeManager:   Total: 2.234 krects, 5.34146 Mpixels
 EncodeManager:          1.81626 MiB (1:11.2327 ratio)
 Connections: closed: 127.0.0.1::55582
 ComparingUpdateTracker: 22.2352 Mpixels in / 4.80169 Mpixels out
 ComparingUpdateTracker: (1:4.6307 ratio)

Sun Sep 22 15:41:39 2024
 Connections: accepted: 127.0.0.1::35106
 SConnection: Client needs protocol version 3.7
 SConnection: Client requests security type None(1)
 VNCSConnST:  Server default pixel format depth 24 (32bpp) little-endian rgb888
 VNCSConnST:  Client pixel format depth 24 (32bpp) little-endian bgr888

Sun Sep 22 15:41:40 2024
 ComparingUpdateTracker: 890.34 kpixels in / 658.764 kpixels out
 ComparingUpdateTracker: (1:1.35153 ratio)
 VNCSConnST:  FramebufferUpdateRequest 1420x627 at 0,0 exceeds framebuffer
              1019x607

Sun Sep 22 15:41:41 2024
 ComparingUpdateTracker: 1.23169 Mpixels in / 4.008 kpixels out
 ComparingUpdateTracker: (1:307.308 ratio)

Sun Sep 22 15:55:29 2024
 VNCSConnST:  closing 127.0.0.1::35106: Clean disconnection
 EncodeManager: Framebuffer updates: 7743
 EncodeManager:   Tight:
 EncodeManager:     Solid: 3.181 krects, 10.1998 Mpixels
 EncodeManager:            49.7031 KiB (1:802.368 ratio)
 EncodeManager:     Bitmap RLE: 4.219 krects, 5.20239 Mpixels
 EncodeManager:                 132.667 KiB (1:153.552 ratio)
 EncodeManager:     Indexed RLE: 10.6 krects, 8.85466 Mpixels
 EncodeManager:                  1.99778 MiB (1:16.9684 ratio)
 EncodeManager:   Tight (JPEG):
 EncodeManager:     Full Colour: 4.157 krects, 16.8692 Mpixels
 EncodeManager:                  12.0751 MiB (1:5.33314 ratio)
 EncodeManager:   Total: 22.157 krects, 41.126 Mpixels
 EncodeManager:          14.251 MiB (1:11.0264 ratio)
 Connections: closed: 127.0.0.1::35106
 ComparingUpdateTracker: 368.229 Mpixels in / 35.5345 Mpixels out
 ComparingUpdateTracker: (1:10.3626 ratio)

Sun Sep 22 15:57:52 2024
 Connections: accepted: 127.0.0.1::46396
 SConnection: Client needs protocol version 3.7
 SConnection: Client requests security type None(1)
 VNCSConnST:  Server default pixel format depth 24 (32bpp) little-endian rgb888
 VNCSConnST:  Client pixel format depth 24 (32bpp) little-endian bgr888

Sun Sep 22 15:57:53 2024
 ComparingUpdateTracker: 890.34 kpixels in / 786.732 kpixels out
 ComparingUpdateTracker: (1:1.13169 ratio)
 VNCSConnST:  FramebufferUpdateRequest 1420x627 at 0,0 exceeds framebuffer
              1019x607
 VNCSConnST:  FramebufferUpdateRequest 1420x627 at 0,0 exceeds framebuffer
              1019x607

Sun Sep 22 15:57:56 2024
 ComparingUpdateTracker: 1.72375 Mpixels in / 54.835 kpixels out
 ComparingUpdateTracker: (1:31.4352 ratio)

Sun Sep 22 15:58:28 2024
 VNCSConnST:  closing 127.0.0.1::46396: Clean disconnection
 EncodeManager: Framebuffer updates: 1240
 EncodeManager:   Tight:
 EncodeManager:     Solid: 591 rects, 2.33794 Mpixels
 EncodeManager:            9.23438 KiB (1:989.726 ratio)
 EncodeManager:     Bitmap RLE: 206 rects, 88.686 kpixels
 EncodeManager:                 6.05957 KiB (1:57.5691 ratio)
 EncodeManager:     Indexed RLE: 1.745 krects, 1.65105 Mpixels
 EncodeManager:                  264.4 KiB (1:24.47 ratio)
 EncodeManager:   Tight (JPEG):
 EncodeManager:     Full Colour: 843 rects, 4.7947 Mpixels
 EncodeManager:                  2.66033 MiB (1:6.87885 ratio)
 EncodeManager:   Total: 3.385 krects, 8.87238 Mpixels
 EncodeManager:          2.93346 MiB (1:11.5509 ratio)
 Connections: closed: 127.0.0.1::46396
 ComparingUpdateTracker: 24.5205 Mpixels in / 5.47915 Mpixels out
 ComparingUpdateTracker: (1:4.47523 ratio)

Sun Sep 22 16:00:10 2024
 Connections: accepted: 127.0.0.1::58748
 SConnection: Client needs protocol version 3.7
 SConnection: Client requests security type None(1)
 VNCSConnST:  Server default pixel format depth 24 (32bpp) little-endian rgb888
 VNCSConnST:  Client pixel format depth 24 (32bpp) little-endian bgr888

Sun Sep 22 16:00:50 2024
 VNCSConnST:  closing 127.0.0.1::58748: Clean disconnection
 EncodeManager: Framebuffer updates: 1720
 EncodeManager:   Tight:
 EncodeManager:     Solid: 445 rects, 1.18682 Mpixels
 EncodeManager:            6.95312 KiB (1:667.501 ratio)
 EncodeManager:     Bitmap RLE: 161 rects, 98.19 kpixels
 EncodeManager:                 5.01855 KiB (1:76.8033 ratio)
 EncodeManager:     Indexed RLE: 1.906 krects, 1.78026 Mpixels
 EncodeManager:                  280.917 KiB (1:24.8347 ratio)
 EncodeManager:   Tight (JPEG):
 EncodeManager:     Full Colour: 863 rects, 4.9202 Mpixels
 EncodeManager:                  2.83135 MiB (1:6.63252 ratio)
 EncodeManager:   Total: 3.375 krects, 7.98547 Mpixels
 EncodeManager:          3.11737 MiB (1:9.78414 ratio)
 Connections: closed: 127.0.0.1::58748
 ComparingUpdateTracker: 20.6087 Mpixels in / 6.88354 Mpixels out
 ComparingUpdateTracker: (1:2.99391 ratio)

Sun Sep 22 16:01:34 2024
 Connections: accepted: 127.0.0.1::49900
 SConnection: Client needs protocol version 3.7
 SConnection: Client requests security type None(1)
 VNCSConnST:  Server default pixel format depth 24 (32bpp) little-endian rgb888
 VNCSConnST:  Client pixel format depth 24 (32bpp) little-endian bgr888

Sun Sep 22 16:04:20 2024
 VNCSConnST:  closing 127.0.0.1::49900: Clean disconnection
 EncodeManager: Framebuffer updates: 3013
 EncodeManager:   Tight:
 EncodeManager:     Solid: 1.372 krects, 2.41101 Mpixels
 EncodeManager:            21.4375 KiB (1:440.074 ratio)
 EncodeManager:     Bitmap RLE: 4.803 krects, 2.50962 Mpixels
 EncodeManager:                 148.595 KiB (1:66.3516 ratio)
 EncodeManager:     Indexed RLE: 11.268 krects, 10.472 Mpixels
 EncodeManager:                  1.72027 MiB (1:23.2966 ratio)
 EncodeManager:   Tight (JPEG):
 EncodeManager:     Full Colour: 2.113 krects, 8.69483 Mpixels
 EncodeManager:                  6.11926 MiB (1:5.42424 ratio)
 EncodeManager:   Total: 19.556 krects, 24.0875 Mpixels
 EncodeManager:          8.00558 MiB (1:11.5057 ratio)
 Connections: closed: 127.0.0.1::49900
 ComparingUpdateTracker: 230.321 Mpixels in / 22.65 Mpixels out
 ComparingUpdateTracker: (1:10.1687 ratio)

Sun Sep 22 16:04:29 2024
 Connections: accepted: 127.0.0.1::60056
 SConnection: Client needs protocol version 3.7
 SConnection: Client requests security type None(1)
 VNCSConnST:  Server default pixel format depth 24 (32bpp) little-endian rgb888
 VNCSConnST:  Client pixel format depth 24 (32bpp) little-endian bgr888

Sun Sep 22 16:04:30 2024
 ComparingUpdateTracker: 0 pixels in / 0 pixels out
 ComparingUpdateTracker: (1:-nan ratio)
 VNCSConnST:  FramebufferUpdateRequest 1420x627 at 0,0 exceeds framebuffer
              1019x607

Sun Sep 22 16:04:33 2024
 ComparingUpdateTracker: 2.34518 Mpixels in / 661.763 kpixels out
 ComparingUpdateTracker: (1:3.54383 ratio)

Sun Sep 22 16:08:52 2024
 VNCSConnST:  closing 127.0.0.1::60056: Clean disconnection
 EncodeManager: Framebuffer updates: 8346
 EncodeManager:   Tight:
 EncodeManager:     Solid: 3.095 krects, 6.54622 Mpixels
 EncodeManager:            48.3594 KiB (1:529.524 ratio)
 EncodeManager:     Bitmap RLE: 2.317 krects, 1.45301 Mpixels
 EncodeManager:                 71.0225 KiB (1:80.2981 ratio)
 EncodeManager:     Indexed RLE: 11.174 krects, 11.6585 Mpixels
 EncodeManager:                  2.21138 MiB (1:20.1691 ratio)
 EncodeManager:   Tight (JPEG):
 EncodeManager:     Full Colour: 4.769 krects, 26.8544 Mpixels
 EncodeManager:                  16.6978 MiB (1:6.13831 ratio)
 EncodeManager:   Total: 21.355 krects, 46.5122 Mpixels
 EncodeManager:          19.0257 MiB (1:9.33862 ratio)
 Connections: closed: 127.0.0.1::60056
 ComparingUpdateTracker: 286.905 Mpixels in / 39.9112 Mpixels out
 ComparingUpdateTracker: (1:7.1886 ratio)

Sun Sep 22 16:09:31 2024
 Connections: accepted: 127.0.0.1::53878
 SConnection: Client needs protocol version 3.7
 SConnection: Client requests security type None(1)
 VNCSConnST:  Server default pixel format depth 24 (32bpp) little-endian rgb888
 VNCSConnST:  Client pixel format depth 24 (32bpp) little-endian bgr888

Sun Sep 22 16:21:35 2024
 VNCSConnST:  closing 127.0.0.1::53878: Clean disconnection
 EncodeManager: Framebuffer updates: 9224
 EncodeManager:   Tight:
 EncodeManager:     Solid: 3.052 krects, 8.198 Mpixels
 EncodeManager:            47.6875 KiB (1:672.277 ratio)
 EncodeManager:     Bitmap RLE: 1.307 krects, 918.54 kpixels
 EncodeManager:                 39.7529 KiB (1:90.644 ratio)
 EncodeManager:     Indexed RLE: 10.785 krects, 9.48508 Mpixels
 EncodeManager:                  1.77476 MiB (1:20.4569 ratio)
 EncodeManager:   Tight (JPEG):
 EncodeManager:     Full Colour: 5.524 krects, 27.0711 Mpixels
 EncodeManager:                  16.765 MiB (1:6.16352 ratio)
 EncodeManager:   Total: 20.668 krects, 45.6727 Mpixels
 EncodeManager:          18.6251 MiB (1:9.36713 ratio)
 Connections: closed: 127.0.0.1::53878
 ComparingUpdateTracker: 239.565 Mpixels in / 41.5078 Mpixels out
 ComparingUpdateTracker: (1:5.77156 ratio)

Sun Sep 22 16:21:51 2024
 Connections: accepted: 127.0.0.1::59446
 SConnection: Client needs protocol version 3.7
 SConnection: Client requests security type None(1)
 VNCSConnST:  Server default pixel format depth 24 (32bpp) little-endian rgb888
 VNCSConnST:  Client pixel format depth 24 (32bpp) little-endian bgr888

Sun Sep 22 16:25:29 2024
 VNCSConnST:  closing 127.0.0.1::59446: Clean disconnection
 EncodeManager: Framebuffer updates: 2918
 EncodeManager:   Tight:
 EncodeManager:     Solid: 536 rects, 3.51815 Mpixels
 EncodeManager:            8.375 KiB (1:1641.68 ratio)
 EncodeManager:     Bitmap RLE: 896 rects, 719.129 kpixels
 EncodeManager:                 26.7607 KiB (1:105.363 ratio)
 EncodeManager:     Indexed RLE: 3.976 krects, 3.78696 Mpixels
 EncodeManager:                  527.671 KiB (1:28.1225 ratio)
 EncodeManager:   Tight (JPEG):
 EncodeManager:     Full Colour: 1.196 krects, 3.42479 Mpixels
 EncodeManager:                  2.65626 MiB (1:4.92355 ratio)
 EncodeManager:   Total: 6.604 krects, 11.449 Mpixels
 EncodeManager:          3.20587 MiB (1:13.6469 ratio)
 Connections: closed: 127.0.0.1::59446
 ComparingUpdateTracker: 135.115 Mpixels in / 9.46462 Mpixels out
 ComparingUpdateTracker: (1:14.2758 ratio)
