Analysis & Synthesis report for VGA
Sun Sep 22 17:07:44 2024
Quartus Prime Version 20.1.0 Build 711 06/05/2020 SJ Lite Edition


---------------------
; Table of Contents ;
---------------------
  1. Legal Notice
  2. Analysis & Synthesis Summary
  3. Analysis & Synthesis Settings
  4. Parallel Compilation
  5. Analysis & Synthesis IP Cores Summary
  6. Analysis & Synthesis Messages
  7. Analysis & Synthesis Suppressed Messages



----------------
; Legal Notice ;
----------------
Copyright (C) 2020  Intel Corporation. All rights reserved.
Your use of Intel Corporation's design tools, logic functions 
and other software and tools, and any partner logic 
functions, and any output files from any of the foregoing 
(including device programming or simulation files), and any 
associated documentation or information are expressly subject 
to the terms and conditions of the Intel Program License 
Subscription Agreement, the Intel Quartus Prime License Agreement,
the Intel FPGA IP License Agreement, or other applicable license
agreement, including, without limitation, that your use is for
the sole purpose of programming logic devices manufactured by
Intel and sold by Intel or its authorized distributors.  Please
refer to the applicable agreement for further details, at
https://fpgasoftware.intel.com/eula.



+----------------------------------------------------------------------------------+
; Analysis & Synthesis Summary                                                     ;
+------------------------------------+---------------------------------------------+
; Analysis & Synthesis Status        ; Failed - Sun Sep 22 17:07:44 2024           ;
; Quartus Prime Version              ; 20.1.0 Build 711 06/05/2020 SJ Lite Edition ;
; Revision Name                      ; VGA                                         ;
; Top-level Entity Name              ; top_level                                   ;
; Family                             ; Cyclone IV E                                ;
; Total logic elements               ; N/A until Partition Merge                   ;
;     Total combinational functions  ; N/A until Partition Merge                   ;
;     Dedicated logic registers      ; N/A until Partition Merge                   ;
; Total registers                    ; N/A until Partition Merge                   ;
; Total pins                         ; N/A until Partition Merge                   ;
; Total virtual pins                 ; N/A until Partition Merge                   ;
; Total memory bits                  ; N/A until Partition Merge                   ;
; Embedded Multiplier 9-bit elements ; N/A until Partition Merge                   ;
; Total PLLs                         ; N/A until Partition Merge                   ;
+------------------------------------+---------------------------------------------+


+------------------------------------------------------------------------------------------------------------+
; Analysis & Synthesis Settings                                                                              ;
+------------------------------------------------------------------+--------------------+--------------------+
; Option                                                           ; Setting            ; Default Value      ;
+------------------------------------------------------------------+--------------------+--------------------+
; Device                                                           ; EP4CE115F29C7      ;                    ;
; Top-level entity name                                            ; top_level          ; VGA                ;
; Family name                                                      ; Cyclone IV E       ; Cyclone V          ;
; Use smart compilation                                            ; Off                ; Off                ;
; Enable parallel Assembler and Timing Analyzer during compilation ; On                 ; On                 ;
; Enable compact report table                                      ; Off                ; Off                ;
; Restructure Multiplexers                                         ; Auto               ; Auto               ;
; Create Debugging Nodes for IP Cores                              ; Off                ; Off                ;
; Preserve fewer node names                                        ; On                 ; On                 ;
; Intel FPGA IP Evaluation Mode                                    ; Enable             ; Enable             ;
; Verilog Version                                                  ; Verilog_2001       ; Verilog_2001       ;
; VHDL Version                                                     ; VHDL_1993          ; VHDL_1993          ;
; State Machine Processing                                         ; Auto               ; Auto               ;
; Safe State Machine                                               ; Off                ; Off                ;
; Extract Verilog State Machines                                   ; On                 ; On                 ;
; Extract VHDL State Machines                                      ; On                 ; On                 ;
; Ignore Verilog initial constructs                                ; Off                ; Off                ;
; Iteration limit for constant Verilog loops                       ; 5000               ; 5000               ;
; Iteration limit for non-constant Verilog loops                   ; 250                ; 250                ;
; Add Pass-Through Logic to Inferred RAMs                          ; On                 ; On                 ;
; Infer RAMs from Raw Logic                                        ; On                 ; On                 ;
; Parallel Synthesis                                               ; On                 ; On                 ;
; DSP Block Balancing                                              ; Auto               ; Auto               ;
; NOT Gate Push-Back                                               ; On                 ; On                 ;
; Power-Up Don't Care                                              ; On                 ; On                 ;
; Remove Redundant Logic Cells                                     ; Off                ; Off                ;
; Remove Duplicate Registers                                       ; On                 ; On                 ;
; Ignore CARRY Buffers                                             ; Off                ; Off                ;
; Ignore CASCADE Buffers                                           ; Off                ; Off                ;
; Ignore GLOBAL Buffers                                            ; Off                ; Off                ;
; Ignore ROW GLOBAL Buffers                                        ; Off                ; Off                ;
; Ignore LCELL Buffers                                             ; Off                ; Off                ;
; Ignore SOFT Buffers                                              ; On                 ; On                 ;
; Limit AHDL Integers to 32 Bits                                   ; Off                ; Off                ;
; Optimization Technique                                           ; Balanced           ; Balanced           ;
; Carry Chain Length                                               ; 70                 ; 70                 ;
; Auto Carry Chains                                                ; On                 ; On                 ;
; Auto Open-Drain Pins                                             ; On                 ; On                 ;
; Perform WYSIWYG Primitive Resynthesis                            ; Off                ; Off                ;
; Auto ROM Replacement                                             ; On                 ; On                 ;
; Auto RAM Replacement                                             ; On                 ; On                 ;
; Auto DSP Block Replacement                                       ; On                 ; On                 ;
; Auto Shift Register Replacement                                  ; Auto               ; Auto               ;
; Allow Shift Register Merging across Hierarchies                  ; Auto               ; Auto               ;
; Auto Clock Enable Replacement                                    ; On                 ; On                 ;
; Strict RAM Replacement                                           ; Off                ; Off                ;
; Allow Synchronous Control Signals                                ; On                 ; On                 ;
; Force Use of Synchronous Clear Signals                           ; Off                ; Off                ;
; Auto RAM Block Balancing                                         ; On                 ; On                 ;
; Auto RAM to Logic Cell Conversion                                ; Off                ; Off                ;
; Auto Resource Sharing                                            ; Off                ; Off                ;
; Allow Any RAM Size For Recognition                               ; Off                ; Off                ;
; Allow Any ROM Size For Recognition                               ; Off                ; Off                ;
; Allow Any Shift Register Size For Recognition                    ; Off                ; Off                ;
; Use LogicLock Constraints during Resource Balancing              ; On                 ; On                 ;
; Ignore translate_off and synthesis_off directives                ; Off                ; Off                ;
; Timing-Driven Synthesis                                          ; On                 ; On                 ;
; Report Parameter Settings                                        ; On                 ; On                 ;
; Report Source Assignments                                        ; On                 ; On                 ;
; Report Connectivity Checks                                       ; On                 ; On                 ;
; Ignore Maximum Fan-Out Assignments                               ; Off                ; Off                ;
; Synchronization Register Chain Length                            ; 2                  ; 2                  ;
; Power Optimization During Synthesis                              ; Normal compilation ; Normal compilation ;
; HDL message level                                                ; Level2             ; Level2             ;
; Suppress Register Optimization Related Messages                  ; Off                ; Off                ;
; Number of Removed Registers Reported in Synthesis Report         ; 5000               ; 5000               ;
; Number of Swept Nodes Reported in Synthesis Report               ; 5000               ; 5000               ;
; Number of Inverted Registers Reported in Synthesis Report        ; 100                ; 100                ;
; Clock MUX Protection                                             ; On                 ; On                 ;
; Auto Gated Clock Conversion                                      ; Off                ; Off                ;
; Block Design Naming                                              ; Auto               ; Auto               ;
; SDC constraint protection                                        ; Off                ; Off                ;
; Synthesis Effort                                                 ; Auto               ; Auto               ;
; Shift Register Replacement - Allow Asynchronous Clear Signal     ; On                 ; On                 ;
; Pre-Mapping Resynthesis Optimization                             ; Off                ; Off                ;
; Analysis & Synthesis Message Level                               ; Medium             ; Medium             ;
; Disable Register Merging Across Hierarchies                      ; Auto               ; Auto               ;
; Resource Aware Inference For Block RAM                           ; On                 ; On                 ;
+------------------------------------------------------------------+--------------------+--------------------+


+------------------------------------------+
; Parallel Compilation                     ;
+----------------------------+-------------+
; Processors                 ; Number      ;
+----------------------------+-------------+
; Number detected on machine ; 8           ;
; Maximum allowed            ; 4           ;
;                            ;             ;
; Average used               ; 1.00        ;
; Maximum used               ; 1           ;
;                            ;             ;
; Usage by Processor         ; % Time Used ;
;     Processor 1            ; 100.0%      ;
+----------------------------+-------------+


+--------------------------------------------------------------------------------------------------------+
; Analysis & Synthesis IP Cores Summary                                                                  ;
+--------+--------------+---------+--------------+--------------+----------------------+-----------------+
; Vendor ; IP Core Name ; Version ; Release Date ; License Type ; Entity Instance      ; IP Include File ;
+--------+--------------+---------+--------------+--------------+----------------------+-----------------+
; N/A    ; Qsys         ; 20.1    ; N/A          ; N/A          ; |top_level|vga:u_vga ; vga.qsys        ;
+--------+--------------+---------+--------------+--------------+----------------------+-----------------+


+-------------------------------+
; Analysis & Synthesis Messages ;
+-------------------------------+
Info: *******************************************************************
Info: Running Quartus Prime Analysis & Synthesis
    Info: Version 20.1.0 Build 711 06/05/2020 SJ Lite Edition
    Info: Processing started: Sun Sep 22 17:07:36 2024
Info: Command: quartus_map --read_settings_files=on --write_settings_files=off VGA -c VGA
Warning (18236): Number of processors has not been specified which may cause overloading on shared machines.  Set the global assignment NUM_PARALLEL_PROCESSORS in your QSF to an appropriate value for best performance.
Info (20030): Parallel compilation is enabled and will use 4 of the 4 processors detected
Info (12021): Found 1 design units, including 1 entities, in source file /users/user/desktop/mtrx3700_assignment_2/mtrx3700a2/conv_working/edge_conv.sv
    Info (12023): Found entity 1: edge_conv File: C:/Users/USER/Desktop/MTRX3700_Assignment_2/MTRX3700A2/conv_working/edge_conv.sv Line: 2
Info (12021): Found 1 design units, including 1 entities, in source file /users/user/desktop/mtrx3700_assignment_2/mtrx3700a2/conv_working/dstream.sv
    Info (12023): Found entity 1: dstream File: C:/Users/USER/Desktop/MTRX3700_Assignment_2/MTRX3700A2/conv_working/dstream.sv Line: 2
Info (12021): Found 1 design units, including 1 entities, in source file vga/synthesis/vga.v
    Info (12023): Found entity 1: vga File: C:/Users/USER/Desktop/temp/vga/synthesis/vga.v Line: 6
Info (12021): Found 1 design units, including 1 entities, in source file vga/synthesis/submodules/altera_reset_controller.v
    Info (12023): Found entity 1: altera_reset_controller File: C:/Users/USER/Desktop/temp/vga/synthesis/submodules/altera_reset_controller.v Line: 42
Info (12021): Found 1 design units, including 1 entities, in source file vga/synthesis/submodules/altera_reset_synchronizer.v
    Info (12023): Found entity 1: altera_reset_synchronizer File: C:/Users/USER/Desktop/temp/vga/synthesis/submodules/altera_reset_synchronizer.v Line: 24
Info (12021): Found 1 design units, including 1 entities, in source file vga/synthesis/submodules/altera_up_avalon_video_vga_timing.v
    Info (12023): Found entity 1: altera_up_avalon_video_vga_timing File: C:/Users/USER/Desktop/temp/vga/synthesis/submodules/altera_up_avalon_video_vga_timing.v Line: 28
Info (12021): Found 1 design units, including 1 entities, in source file vga/synthesis/submodules/vga_video_vga_controller_0.v
    Info (12023): Found entity 1: vga_video_vga_controller_0 File: C:/Users/USER/Desktop/temp/vga/synthesis/submodules/vga_video_vga_controller_0.v Line: 28
Info (12021): Found 1 design units, including 1 entities, in source file vga/synthesis/submodules/vga_video_rgb_resampler_1.v
    Info (12023): Found entity 1: vga_video_rgb_resampler_1 File: C:/Users/USER/Desktop/temp/vga/synthesis/submodules/vga_video_rgb_resampler_1.v Line: 28
Info (12021): Found 1 design units, including 1 entities, in source file vga/synthesis/submodules/vga_video_rgb_resampler_0.v
    Info (12023): Found entity 1: vga_video_rgb_resampler_0 File: C:/Users/USER/Desktop/temp/vga/synthesis/submodules/vga_video_rgb_resampler_0.v Line: 28
Info (12021): Found 1 design units, including 1 entities, in source file vga/synthesis/submodules/vga_video_pll_0.v
    Info (12023): Found entity 1: vga_video_pll_0 File: C:/Users/USER/Desktop/temp/vga/synthesis/submodules/vga_video_pll_0.v Line: 9
Info (12021): Found 1 design units, including 1 entities, in source file vga/synthesis/submodules/altera_up_avalon_reset_from_locked_signal.v
    Info (12023): Found entity 1: altera_up_avalon_reset_from_locked_signal File: C:/Users/USER/Desktop/temp/vga/synthesis/submodules/altera_up_avalon_reset_from_locked_signal.v Line: 28
Info (12021): Found 1 design units, including 1 entities, in source file vga/synthesis/submodules/altera_up_altpll.v
    Info (12023): Found entity 1: altera_up_altpll File: C:/Users/USER/Desktop/temp/vga/synthesis/submodules/altera_up_altpll.v Line: 29
Info (12021): Found 1 design units, including 1 entities, in source file vga/synthesis/submodules/vga_face.sv
    Info (12023): Found entity 1: vga_face File: C:/Users/USER/Desktop/temp/vga/synthesis/submodules/vga_face.sv Line: 1
Info (12021): Found 1 design units, including 1 entities, in source file top_level.sv
    Info (12023): Found entity 1: top_level File: C:/Users/USER/Desktop/temp/top_level.sv Line: 1
Info (12021): Found 1 design units, including 1 entities, in source file vga_face.sv
    Info (12023): Found entity 1: vga_face File: C:/Users/USER/Desktop/temp/vga_face.sv Line: 1
Info (12127): Elaborating entity "top_level" for the top level hierarchy
Info (12128): Elaborating entity "vga" for hierarchy "vga:u_vga" File: C:/Users/USER/Desktop/temp/top_level.sv Line: 27
Info (12128): Elaborating entity "vga_face" for hierarchy "vga:u_vga|vga_face:vga_face_0" File: C:/Users/USER/Desktop/temp/vga/synthesis/vga.v Line: 49
Warning (10858): Verilog HDL warning at vga_face.sv(19): object happy_face used but never assigned File: C:/Users/USER/Desktop/temp/vga/synthesis/submodules/vga_face.sv Line: 19
Warning (10858): Verilog HDL warning at vga_face.sv(20): object neutral_face used but never assigned File: C:/Users/USER/Desktop/temp/vga/synthesis/submodules/vga_face.sv Line: 20
Warning (10858): Verilog HDL warning at vga_face.sv(21): object angry_face used but never assigned File: C:/Users/USER/Desktop/temp/vga/synthesis/submodules/vga_face.sv Line: 21
Warning (10270): Verilog HDL Case Statement warning at vga_face.sv(52): incomplete case statement has no default case item File: C:/Users/USER/Desktop/temp/vga/synthesis/submodules/vga_face.sv Line: 52
Warning (10240): Verilog HDL Always Construct warning at vga_face.sv(51): inferring latch(es) for variable "current_pixel", which holds its previous value in one or more paths through the always construct File: C:/Users/USER/Desktop/temp/vga/synthesis/submodules/vga_face.sv Line: 51
Error (10166): SystemVerilog RTL Coding error at vga_face.sv(51): always_comb construct does not infer purely combinational logic. File: C:/Users/USER/Desktop/temp/vga/synthesis/submodules/vga_face.sv Line: 51
Error (10207): Verilog HDL error at vga_face.sv(77): can't resolve reference to object "data" File: C:/Users/USER/Desktop/temp/vga/synthesis/submodules/vga_face.sv Line: 77
Error (12152): Can't elaborate user hierarchy "vga:u_vga|vga_face:vga_face_0" File: C:/Users/USER/Desktop/temp/vga/synthesis/vga.v Line: 49
Info (144001): Generated suppressed messages file C:/Users/USER/Desktop/temp/output_files/VGA.map.smsg
Error: Quartus Prime Analysis & Synthesis was unsuccessful. 3 errors, 6 warnings
    Error: Peak virtual memory: 4818 megabytes
    Error: Processing ended: Sun Sep 22 17:07:44 2024
    Error: Elapsed time: 00:00:08
    Error: Total CPU time (on all processors): 00:00:19


+------------------------------------------+
; Analysis & Synthesis Suppressed Messages ;
+------------------------------------------+
The suppressed messages can be found in C:/Users/USER/Desktop/temp/output_files/VGA.map.smsg.


