Flow report for FFT_stream
Thu Sep 19 15:33:10 2024
Quartus Prime Version 20.1.0 Build 711 06/05/2020 SJ Lite Edition


---------------------
; Table of Contents ;
---------------------
  1. Legal Notice
  2. Flow Summary
  3. Flow Settings
  4. Flow Non-Default Global Settings
  5. Flow Elapsed Time
  6. Flow OS Summary
  7. Flow Log
  8. Flow Messages
  9. Flow Suppressed Messages



----------------
; Legal Notice ;
----------------
Copyright (C) 2020  Intel Corporation. All rights reserved.
Your use of Intel Corporation's design tools, logic functions 
and other software and tools, and any partner logic 
functions, and any output files from any of the foregoing 
(including device programming or simulation files), and any 
associated documentation or information are expressly subject 
to the terms and conditions of the Intel Program License 
Subscription Agreement, the Intel Quartus Prime License Agreement,
the Intel FPGA IP License Agreement, or other applicable license
agreement, including, without limitation, that your use is for
the sole purpose of programming logic devices manufactured by
Intel and sold by Intel or its authorized distributors.  Please
refer to the applicable agreement for further details, at
https://fpgasoftware.intel.com/eula.



+----------------------------------------------------------------------------------+
; Flow Summary                                                                     ;
+------------------------------------+---------------------------------------------+
; Flow Status                        ; Successful - Thu Sep 19 15:33:10 2024       ;
; Quartus Prime Version              ; 20.1.0 Build 711 06/05/2020 SJ Lite Edition ;
; Revision Name                      ; FFT_stream                                  ;
; Top-level Entity Name              ; top_level                                   ;
; Family                             ; Cyclone IV E                                ;
; Device                             ; EP4CE115F29C7                               ;
; Timing Models                      ; Final                                       ;
; Total logic elements               ; 5,212 / 114,480 ( 5 % )                     ;
;     Total combinational functions  ; 4,872 / 114,480 ( 4 % )                     ;
;     Dedicated logic registers      ; 1,237 / 114,480 ( 1 % )                     ;
; Total registers                    ; 1237                                        ;
; Total pins                         ; 57 / 529 ( 11 % )                           ;
; Total virtual pins                 ; 0                                           ;
; Total memory bits                  ; 40,352 / 3,981,312 ( 1 % )                  ;
; Embedded Multiplier 9-bit elements ; 36 / 532 ( 7 % )                            ;
; Total PLLs                         ; 2 / 4 ( 50 % )                              ;
+------------------------------------+---------------------------------------------+


+-----------------------------------------+
; Flow Settings                           ;
+-------------------+---------------------+
; Option            ; Setting             ;
+-------------------+---------------------+
; Start date & time ; 09/19/2024 15:30:59 ;
; Main task         ; Compilation         ;
; Revision Name     ; FFT_stream          ;
+-------------------+---------------------+


+--------------------------------------------------------------------------------------------------------------------------------------+
; Flow Non-Default Global Settings                                                                                                     ;
+-----------------------------------------+----------------------------------------+---------------+-------------+---------------------+
; Assignment Name                         ; Value                                  ; Default Value ; Entity Name ; Section Id          ;
+-----------------------------------------+----------------------------------------+---------------+-------------+---------------------+
; COMPILER_SIGNATURE_ID                   ; 189559950239589.172672385814412        ; --            ; --          ; --                  ;
; EDA_DESIGN_INSTANCE_NAME                ; NA                                     ; --            ; --          ; fft_pitch_detect_tb ;
; EDA_NATIVELINK_SIMULATION_SETUP_SCRIPT  ; simulation/modelsim/wave.do            ; --            ; --          ; eda_simulation      ;
; EDA_NATIVELINK_SIMULATION_TEST_BENCH    ; fft_pitch_detect_tb                    ; --            ; --          ; eda_simulation      ;
; EDA_OUTPUT_DATA_FORMAT                  ; Verilog Hdl                            ; --            ; --          ; eda_simulation      ;
; EDA_SIMULATION_TOOL                     ; ModelSim-Altera (Verilog)              ; <None>        ; --          ; --                  ;
; EDA_TEST_BENCH_ENABLE_STATUS            ; TEST_BENCH_MODE                        ; --            ; --          ; eda_simulation      ;
; EDA_TEST_BENCH_FILE                     ; fft_pitch_detect_tb.sv                 ; --            ; --          ; fft_pitch_detect_tb ;
; EDA_TEST_BENCH_MODULE_NAME              ; fft_pitch_detect_tb                    ; --            ; --          ; fft_pitch_detect_tb ;
; EDA_TEST_BENCH_NAME                     ; fft_pitch_detect_tb                    ; --            ; --          ; eda_simulation      ;
; EDA_TIME_SCALE                          ; 1 ps                                   ; --            ; --          ; eda_simulation      ;
; ENABLE_SIGNALTAP                        ; On                                     ; --            ; --          ; --                  ;
; MAX_CORE_JUNCTION_TEMP                  ; 85                                     ; --            ; --          ; --                  ;
; MIN_CORE_JUNCTION_TEMP                  ; 0                                      ; --            ; --          ; --                  ;
; MISC_FILE                               ; mic/i2c_pll_bb.v                       ; --            ; --          ; --                  ;
; MISC_FILE                               ; mic/i2c_pll.ppf                        ; --            ; --          ; --                  ;
; MISC_FILE                               ; mic/adc_pll_bb.v                       ; --            ; --          ; --                  ;
; MISC_FILE                               ; mic/adc_pll.ppf                        ; --            ; --          ; --                  ;
; MISC_FILE                               ; async_fifo_bb.v                        ; --            ; --          ; --                  ;
; NOMINAL_CORE_SUPPLY_VOLTAGE             ; 1.2V                                   ; --            ; --          ; --                  ;
; PARTITION_COLOR                         ; -- (Not supported for targeted family) ; --            ; top_level   ; Top                 ;
; PARTITION_FITTER_PRESERVATION_LEVEL     ; -- (Not supported for targeted family) ; --            ; top_level   ; Top                 ;
; PARTITION_NETLIST_TYPE                  ; -- (Not supported for targeted family) ; --            ; top_level   ; Top                 ;
; PHYSICAL_SYNTHESIS_REGISTER_DUPLICATION ; On                                     ; Off           ; --          ; --                  ;
; PHYSICAL_SYNTHESIS_REGISTER_RETIMING    ; On                                     ; Off           ; --          ; --                  ;
; POWER_BOARD_THERMAL_MODEL               ; None (CONSERVATIVE)                    ; --            ; --          ; --                  ;
; POWER_PRESET_COOLING_SOLUTION           ; 23 MM HEAT SINK WITH 200 LFPM AIRFLOW  ; --            ; --          ; --                  ;
; PROJECT_OUTPUT_DIRECTORY                ; output_files                           ; --            ; --          ; --                  ;
; SEARCH_PATH                             ; r22sdf                                 ; --            ; --          ; --                  ;
; SEARCH_PATH                             ; mic                                    ; --            ; --          ; --                  ;
; TOP_LEVEL_ENTITY                        ; top_level                              ; FFT_stream    ; --          ; --                  ;
; USE_SIGNALTAP_FILE                      ; output_files/stp1.stp                  ; --            ; --          ; --                  ;
+-----------------------------------------+----------------------------------------+---------------+-------------+---------------------+


+--------------------------------------------------------------------------------------------------------------------------+
; Flow Elapsed Time                                                                                                        ;
+----------------------+--------------+-------------------------+---------------------+------------------------------------+
; Module Name          ; Elapsed Time ; Average Processors Used ; Peak Virtual Memory ; Total CPU Time (on all processors) ;
+----------------------+--------------+-------------------------+---------------------+------------------------------------+
; Analysis & Synthesis ; 00:01:16     ; 1.0                     ; 5055 MB             ; 00:01:18                           ;
; Fitter               ; 00:00:35     ; 1.2                     ; 6113 MB             ; 00:00:36                           ;
; Assembler            ; 00:00:04     ; 1.0                     ; 4713 MB             ; 00:00:03                           ;
; Timing Analyzer      ; 00:00:06     ; 1.6                     ; 4966 MB             ; 00:00:04                           ;
; EDA Netlist Writer   ; 00:00:03     ; 1.0                     ; 4684 MB             ; 00:00:02                           ;
; Total                ; 00:02:04     ; --                      ; --                  ; 00:02:03                           ;
+----------------------+--------------+-------------------------+---------------------+------------------------------------+


+------------------------------------------------------------------------------------+
; Flow OS Summary                                                                    ;
+----------------------+------------------+------------+------------+----------------+
; Module Name          ; Machine Hostname ; OS Name    ; OS Version ; Processor type ;
+----------------------+------------------+------------+------------+----------------+
; Analysis & Synthesis ; LAPTOP-LRAHBKVC  ; Windows 10 ; 10.0       ; x86_64         ;
; Fitter               ; LAPTOP-LRAHBKVC  ; Windows 10 ; 10.0       ; x86_64         ;
; Assembler            ; LAPTOP-LRAHBKVC  ; Windows 10 ; 10.0       ; x86_64         ;
; Timing Analyzer      ; LAPTOP-LRAHBKVC  ; Windows 10 ; 10.0       ; x86_64         ;
; EDA Netlist Writer   ; LAPTOP-LRAHBKVC  ; Windows 10 ; 10.0       ; x86_64         ;
+----------------------+------------------+------------+------------+----------------+


------------
; Flow Log ;
------------
quartus_map --read_settings_files=on --write_settings_files=off FFT_stream -c FFT_stream
quartus_fit --read_settings_files=off --write_settings_files=off FFT_stream -c FFT_stream
quartus_asm --read_settings_files=off --write_settings_files=off FFT_stream -c FFT_stream
quartus_sta FFT_stream -c FFT_stream
quartus_eda --read_settings_files=off --write_settings_files=off FFT_stream -c FFT_stream



