Flow report for VerilogCam
Sat Sep 21 14:37:32 2024
Quartus Prime Version 20.1.0 Build 711 06/05/2020 SJ Lite Edition


---------------------
; Table of Contents ;
---------------------
  1. Legal Notice
  2. Flow Summary
  3. Flow Settings
  4. Flow Non-Default Global Settings
  5. Flow Elapsed Time
  6. Flow OS Summary
  7. Flow Log
  8. Flow Messages
  9. Flow Suppressed Messages



----------------
; Legal Notice ;
----------------
Copyright (C) 2020  Intel Corporation. All rights reserved.
Your use of Intel Corporation's design tools, logic functions 
and other software and tools, and any partner logic 
functions, and any output files from any of the foregoing 
(including device programming or simulation files), and any 
associated documentation or information are expressly subject 
to the terms and conditions of the Intel Program License 
Subscription Agreement, the Intel Quartus Prime License Agreement,
the Intel FPGA IP License Agreement, or other applicable license
agreement, including, without limitation, that your use is for
the sole purpose of programming logic devices manufactured by
Intel and sold by Intel or its authorized distributors.  Please
refer to the applicable agreement for further details, at
https://fpgasoftware.intel.com/eula.



+----------------------------------------------------------------------------------+
; Flow Summary                                                                     ;
+------------------------------------+---------------------------------------------+
; Flow Status                        ; Successful - Sat Sep 21 14:37:28 2024       ;
; Quartus Prime Version              ; 20.1.0 Build 711 06/05/2020 SJ Lite Edition ;
; Revision Name                      ; VerilogCam                                  ;
; Top-level Entity Name              ; top_level                                   ;
; Family                             ; Cyclone IV E                                ;
; Device                             ; EP4CE115F29C7                               ;
; Timing Models                      ; Final                                       ;
; Total logic elements               ; 955 / 114,480 ( < 1 % )                     ;
;     Total combinational functions  ; 843 / 114,480 ( < 1 % )                     ;
;     Dedicated logic registers      ; 545 / 114,480 ( < 1 % )                     ;
; Total registers                    ; 545                                         ;
; Total pins                         ; 48 / 529 ( 9 % )                            ;
; Total virtual pins                 ; 0                                           ;
; Total memory bits                  ; 1,585,664 / 3,981,312 ( 40 % )              ;
; Embedded Multiplier 9-bit elements ; 0 / 532 ( 0 % )                             ;
; Total PLLs                         ; 1 / 4 ( 25 % )                              ;
+------------------------------------+---------------------------------------------+


+-----------------------------------------+
; Flow Settings                           ;
+-------------------+---------------------+
; Option            ; Setting             ;
+-------------------+---------------------+
; Start date & time ; 09/21/2024 14:36:33 ;
; Main task         ; Compilation         ;
; Revision Name     ; VerilogCam          ;
+-------------------+---------------------+


+---------------------------------------------------------------------------------------------------------------------------------------------+
; Flow Non-Default Global Settings                                                                                                            ;
+-------------------------------------+------------------------------------------------------------+---------------+-------------+------------+
; Assignment Name                     ; Value                                                      ; Default Value ; Entity Name ; Section Id ;
+-------------------------------------+------------------------------------------------------------+---------------+-------------+------------+
; COMPILER_SIGNATURE_ID               ; 186411942780.172689339310268                               ; --            ; --          ; --         ;
; MAX_CORE_JUNCTION_TEMP              ; 85                                                         ; --            ; --          ; --         ;
; MIN_CORE_JUNCTION_TEMP              ; 0                                                          ; --            ; --          ; --         ;
; MISC_FILE                           ; vga_demo/synthesis/../vga_demo.cmp                         ; --            ; --          ; --         ;
; MISC_FILE                           ; vga_demo/synthesis/../../vga_demo.qsys                     ; --            ; --          ; --         ;
; NOMINAL_CORE_SUPPLY_VOLTAGE         ; 1.2V                                                       ; --            ; --          ; --         ;
; PARTITION_COLOR                     ; -- (Not supported for targeted family)                     ; --            ; top_level   ; Top        ;
; PARTITION_FITTER_PRESERVATION_LEVEL ; -- (Not supported for targeted family)                     ; --            ; top_level   ; Top        ;
; PARTITION_NETLIST_TYPE              ; -- (Not supported for targeted family)                     ; --            ; top_level   ; Top        ;
; POWER_BOARD_THERMAL_MODEL           ; None (CONSERVATIVE)                                        ; --            ; --          ; --         ;
; POWER_PRESET_COOLING_SOLUTION       ; 23 MM HEAT SINK WITH 200 LFPM AIRFLOW                      ; --            ; --          ; --         ;
; PROJECT_OUTPUT_DIRECTORY            ; output_files                                               ; --            ; --          ; --         ;
; SLD_FILE                            ; vga_demo/synthesis/vga_demo.debuginfo                      ; --            ; --          ; --         ;
; SLD_INFO                            ; QSYS_NAME vga_demo HAS_SOPCINFO 1 GENERATION_ID 1726724316 ; --            ; vga_demo    ; --         ;
; SOPCINFO_FILE                       ; vga_demo/synthesis/../../vga_demo.sopcinfo                 ; --            ; --          ; --         ;
; SYNTHESIS_ONLY_QIP                  ; On                                                         ; --            ; --          ; --         ;
; TOP_LEVEL_ENTITY                    ; top_level                                                  ; VerilogCam    ; --          ; --         ;
+-------------------------------------+------------------------------------------------------------+---------------+-------------+------------+


+--------------------------------------------------------------------------------------------------------------------------+
; Flow Elapsed Time                                                                                                        ;
+----------------------+--------------+-------------------------+---------------------+------------------------------------+
; Module Name          ; Elapsed Time ; Average Processors Used ; Peak Virtual Memory ; Total CPU Time (on all processors) ;
+----------------------+--------------+-------------------------+---------------------+------------------------------------+
; Analysis & Synthesis ; 00:00:22     ; 1.0                     ; 4806 MB             ; 00:00:21                           ;
; Fitter               ; 00:00:28     ; 1.0                     ; 5738 MB             ; 00:00:37                           ;
; Assembler            ; 00:00:03     ; 1.0                     ; 4702 MB             ; 00:00:02                           ;
; Timing Analyzer      ; 00:00:03     ; 1.4                     ; 4873 MB             ; 00:00:03                           ;
; Total                ; 00:00:56     ; --                      ; --                  ; 00:01:03                           ;
+----------------------+--------------+-------------------------+---------------------+------------------------------------+


+------------------------------------------------------------------------------------+
; Flow OS Summary                                                                    ;
+----------------------+------------------+------------+------------+----------------+
; Module Name          ; Machine Hostname ; OS Name    ; OS Version ; Processor type ;
+----------------------+------------------+------------+------------+----------------+
; Analysis & Synthesis ; DESKTOP-2LJ25NS  ; Windows 10 ; 10.0       ; x86_64         ;
; Fitter               ; DESKTOP-2LJ25NS  ; Windows 10 ; 10.0       ; x86_64         ;
; Assembler            ; DESKTOP-2LJ25NS  ; Windows 10 ; 10.0       ; x86_64         ;
; Timing Analyzer      ; DESKTOP-2LJ25NS  ; Windows 10 ; 10.0       ; x86_64         ;
+----------------------+------------------+------------+------------+----------------+


------------
; Flow Log ;
------------
quartus_map --read_settings_files=on --write_settings_files=off VerilogCam -c VerilogCam
quartus_fit --read_settings_files=off --write_settings_files=off VerilogCam -c VerilogCam
quartus_asm --read_settings_files=off --write_settings_files=off VerilogCam -c VerilogCam
quartus_sta VerilogCam -c VerilogCam



